<?xml version="1.0" encoding="UTF-8"?>
<testng-results skipped="0" failed="0" total="1" passed="1">
  <reporter-output>
  </reporter-output>
  <suite name="Default suite" duration-ms="21294" started-at="2017-03-31T05:45:58Z" finished-at="2017-03-31T05:46:19Z">
    <groups>
    </groups>
    <test name="Default test" duration-ms="21294" started-at="2017-03-31T05:45:58Z" finished-at="2017-03-31T05:46:19Z">
      <class name="com.esave.mail.NewTest">
        <test-method status="PASS" signature="f()[pri:0, instance:com.esave.mail.NewTest@4b9e13df]" name="f" duration-ms="21276" started-at="2017-03-31T11:15:58Z" finished-at="2017-03-31T11:16:19Z">
          <reporter-output>
          </reporter-output>
        </test-method> <!-- f -->
      </class> <!-- com.esave.mail.NewTest -->
    </test> <!-- Default test -->
  </suite> <!-- Default suite -->
</testng-results>
